2020-11-17 13:05:42.831  INFO 16544 --- [main] com.baidu.boy.BoyApplication             : Starting BoyApplication on WHITE with PID 16544 (D:\workspace\github\boy\target\classes started by harry in D:\workspace\github\boy)
2020-11-17 13:05:42.863  INFO 16544 --- [main] com.baidu.boy.BoyApplication             : No active profile set, falling back to default profiles: default
2020-11-17 13:05:43.753  INFO 16544 --- [main] o.s.b.w.embedded.tomcat.TomcatWebServer  : Tomcat initialized with port(s): 9999 (http)
2020-11-17 13:05:43.753  INFO 16544 --- [main] o.apache.catalina.core.StandardService   : Starting service [Tomcat]
2020-11-17 13:05:43.753  INFO 16544 --- [main] org.apache.catalina.core.StandardEngine  : Starting Servlet engine: [Apache Tomcat/9.0.38]
2020-11-17 13:05:43.863  INFO 16544 --- [main] o.a.c.c.C.[Tomcat].[localhost].[/]       : Initializing Spring embedded WebApplicationContext
2020-11-17 13:05:43.863  INFO 16544 --- [main] w.s.c.ServletWebServerApplicationContext : Root WebApplicationContext: initialization completed in 938 ms
2020-11-17 13:05:44.069  INFO 16544 --- [main] o.s.s.concurrent.ThreadPoolTaskExecutor  : Initializing ExecutorService 'applicationTaskExecutor'
2020-11-17 13:05:44.263  INFO 16544 --- [main] o.s.b.w.embedded.tomcat.TomcatWebServer  : Tomcat started on port(s): 9999 (http) with context path ''
2020-11-17 13:05:44.275  INFO 16544 --- [main] com.baidu.boy.BoyApplication             : Started BoyApplication in 1.903 seconds (JVM running for 3.147)
2020-11-17 13:05:46.700  INFO 16544 --- [http-nio-9999-exec-1] o.a.c.c.C.[Tomcat].[localhost].[/]       : Initializing Spring DispatcherServlet 'dispatcherServlet'
2020-11-17 13:05:46.701  INFO 16544 --- [http-nio-9999-exec-1] o.s.web.servlet.DispatcherServlet        : Initializing Servlet 'dispatcherServlet'
2020-11-17 13:05:46.706  INFO 16544 --- [http-nio-9999-exec-1] o.s.web.servlet.DispatcherServlet        : Completed initialization in 5 ms
2020-11-17 13:06:39.937  INFO 16544 --- [SpringContextShutdownHook] o.s.s.concurrent.ThreadPoolTaskExecutor  : Shutting down ExecutorService 'applicationTaskExecutor'
2020-11-17 13:06:45.340  INFO 10656 --- [main] com.baidu.boy.BoyApplication             : Starting BoyApplication on WHITE with PID 10656 (D:\workspace\github\boy\target\classes started by harry in D:\workspace\github\boy)
2020-11-17 13:06:45.340  INFO 10656 --- [main] com.baidu.boy.BoyApplication             : No active profile set, falling back to default profiles: default
2020-11-17 13:06:46.059  INFO 10656 --- [main] o.s.b.w.embedded.tomcat.TomcatWebServer  : Tomcat initialized with port(s): 9999 (http)
2020-11-17 13:06:46.075  INFO 10656 --- [main] o.apache.catalina.core.StandardService   : Starting service [Tomcat]
2020-11-17 13:06:46.075  INFO 10656 --- [main] org.apache.catalina.core.StandardEngine  : Starting Servlet engine: [Apache Tomcat/9.0.38]
2020-11-17 13:06:46.168  INFO 10656 --- [main] o.a.c.c.C.[Tomcat].[localhost].[/]       : Initializing Spring embedded WebApplicationContext
2020-11-17 13:06:46.168  INFO 10656 --- [main] w.s.c.ServletWebServerApplicationContext : Root WebApplicationContext: initialization completed in 781 ms
2020-11-17 13:06:46.346  INFO 10656 --- [main] o.s.s.concurrent.ThreadPoolTaskExecutor  : Initializing ExecutorService 'applicationTaskExecutor'
2020-11-17 13:06:46.471  INFO 10656 --- [main] o.s.b.w.embedded.tomcat.TomcatWebServer  : Tomcat started on port(s): 9999 (http) with context path ''
2020-11-17 13:06:46.471  INFO 10656 --- [main] com.baidu.boy.BoyApplication             : Started BoyApplication in 1.512 seconds (JVM running for 2.632)
2020-11-17 13:06:50.411  INFO 10656 --- [http-nio-9999-exec-1] o.a.c.c.C.[Tomcat].[localhost].[/]       : Initializing Spring DispatcherServlet 'dispatcherServlet'
2020-11-17 13:06:50.412  INFO 10656 --- [http-nio-9999-exec-1] o.s.web.servlet.DispatcherServlet        : Initializing Servlet 'dispatcherServlet'
2020-11-17 13:06:50.416  INFO 10656 --- [http-nio-9999-exec-1] o.s.web.servlet.DispatcherServlet        : Completed initialization in 4 ms
2020-11-17 13:07:16.912  INFO 10656 --- [SpringContextShutdownHook] o.s.s.concurrent.ThreadPoolTaskExecutor  : Shutting down ExecutorService 'applicationTaskExecutor'
