2021-01-20 15:24:49.978 main INFO com.baidu.boy.BoyApplication Starting BoyApplication on WHITE with PID 28480 (D:\workspace\github\boy\target\classes started by harry in D:\workspace\github\boy)
2021-01-20 15:24:49.989 main INFO com.baidu.boy.BoyApplication No active profile set, falling back to default profiles: default
2021-01-20 15:24:50.862 main INFO org.apache.coyote.http11.Http11NioProtocol Initializing ProtocolHandler ["http-nio-9999"]
2021-01-20 15:24:50.863 main INFO org.apache.catalina.core.StandardService Starting service [Tomcat]
2021-01-20 15:24:50.863 main INFO org.apache.catalina.core.StandardEngine Starting Servlet engine: [Apache Tomcat/9.0.38]
2021-01-20 15:24:51.021 main INFO org.apache.catalina.core.ContainerBase.[Tomcat].[localhost].[/] Initializing Spring embedded WebApplicationContext
2021-01-20 15:24:51.291 main INFO org.apache.coyote.http11.Http11NioProtocol Starting ProtocolHandler ["http-nio-9999"]
2021-01-20 15:24:51.324 main INFO com.baidu.boy.BoyApplication Started BoyApplication in 1.879 seconds (JVM running for 3.443)
2021-01-20 15:26:03.916 http-nio-9999-exec-1 INFO org.apache.catalina.core.ContainerBase.[Tomcat].[localhost].[/] Initializing Spring DispatcherServlet 'dispatcherServlet'
2021-01-20 15:26:03.942 http-nio-9999-exec-1 INFO com.baidu.boy.controller.ClientController map -> null
2021-01-20 15:26:18.808 http-nio-9999-exec-3 INFO com.baidu.boy.controller.ClientController map -> null
2021-01-20 15:29:43.235 main INFO com.baidu.boy.BoyApplication Starting BoyApplication on WHITE with PID 23764 (D:\workspace\github\boy\target\classes started by harry in D:\workspace\github\boy)
2021-01-20 15:29:43.242 main INFO com.baidu.boy.BoyApplication No active profile set, falling back to default profiles: default
2021-01-20 15:29:43.989 main INFO org.apache.coyote.http11.Http11NioProtocol Initializing ProtocolHandler ["http-nio-9999"]
2021-01-20 15:29:43.990 main INFO org.apache.catalina.core.StandardService Starting service [Tomcat]
2021-01-20 15:29:43.990 main INFO org.apache.catalina.core.StandardEngine Starting Servlet engine: [Apache Tomcat/9.0.38]
2021-01-20 15:29:44.095 main INFO org.apache.catalina.core.ContainerBase.[Tomcat].[localhost].[/] Initializing Spring embedded WebApplicationContext
2021-01-20 15:29:44.347 main INFO org.apache.coyote.http11.Http11NioProtocol Starting ProtocolHandler ["http-nio-9999"]
2021-01-20 15:29:44.378 main INFO com.baidu.boy.BoyApplication Started BoyApplication in 1.555 seconds (JVM running for 3.019)
2021-01-20 15:29:56.053 http-nio-9999-exec-1 INFO org.apache.catalina.core.ContainerBase.[Tomcat].[localhost].[/] Initializing Spring DispatcherServlet 'dispatcherServlet'
2021-01-20 15:29:56.076 http-nio-9999-exec-1 INFO com.baidu.boy.controller.ClientController map -> {result=我收到了}
2021-01-20 15:39:40.756 main INFO com.baidu.boy.BoyApplication Starting BoyApplication on WHITE with PID 20868 (D:\workspace\github\boy\target\classes started by harry in D:\workspace\github\boy)
2021-01-20 15:39:40.766 main INFO com.baidu.boy.BoyApplication No active profile set, falling back to default profiles: default
2021-01-20 15:39:41.624 main INFO org.apache.coyote.http11.Http11NioProtocol Initializing ProtocolHandler ["http-nio-9999"]
2021-01-20 15:39:41.625 main INFO org.apache.catalina.core.StandardService Starting service [Tomcat]
2021-01-20 15:39:41.625 main INFO org.apache.catalina.core.StandardEngine Starting Servlet engine: [Apache Tomcat/9.0.38]
2021-01-20 15:39:41.735 main INFO org.apache.catalina.core.ContainerBase.[Tomcat].[localhost].[/] Initializing Spring embedded WebApplicationContext
2021-01-20 15:39:41.981 main INFO org.apache.coyote.http11.Http11NioProtocol Starting ProtocolHandler ["http-nio-9999"]
2021-01-20 15:39:42.011 main INFO com.baidu.boy.BoyApplication Started BoyApplication in 1.718 seconds (JVM running for 3.29)
2021-01-20 15:40:02.242 http-nio-9999-exec-1 INFO org.apache.catalina.core.ContainerBase.[Tomcat].[localhost].[/] Initializing Spring DispatcherServlet 'dispatcherServlet'
2021-01-20 15:40:02.264 http-nio-9999-exec-1 INFO com.baidu.boy.controller.HttpClientController map -> {result=我收到了}
2021-01-20 15:40:02.329 http-nio-9999-exec-2 WARN org.springframework.web.servlet.mvc.support.DefaultHandlerExceptionResolver Resolved [org.springframework.web.HttpRequestMethodNotSupportedException: Request method 'POST' not supported]
2021-01-20 15:42:05.192 main INFO com.baidu.boy.BoyApplication Starting BoyApplication on WHITE with PID 28572 (D:\workspace\github\boy\target\classes started by harry in D:\workspace\github\boy)
2021-01-20 15:42:05.201 main INFO com.baidu.boy.BoyApplication No active profile set, falling back to default profiles: default
2021-01-20 15:42:05.973 main INFO org.apache.coyote.http11.Http11NioProtocol Initializing ProtocolHandler ["http-nio-9999"]
2021-01-20 15:42:05.974 main INFO org.apache.catalina.core.StandardService Starting service [Tomcat]
2021-01-20 15:42:05.974 main INFO org.apache.catalina.core.StandardEngine Starting Servlet engine: [Apache Tomcat/9.0.38]
2021-01-20 15:42:06.086 main INFO org.apache.catalina.core.ContainerBase.[Tomcat].[localhost].[/] Initializing Spring embedded WebApplicationContext
2021-01-20 15:42:06.410 main INFO org.apache.coyote.http11.Http11NioProtocol Starting ProtocolHandler ["http-nio-9999"]
2021-01-20 15:42:06.463 main INFO com.baidu.boy.BoyApplication Started BoyApplication in 1.704 seconds (JVM running for 3.185)
2021-01-20 15:44:29.921 http-nio-9999-exec-1 INFO org.apache.catalina.core.ContainerBase.[Tomcat].[localhost].[/] Initializing Spring DispatcherServlet 'dispatcherServlet'
2021-01-20 15:44:29.952 http-nio-9999-exec-1 INFO com.baidu.boy.controller.HttpClientController map -> {result=我收到了}
2021-01-25 09:45:43.887 main INFO com.baidu.boy.BoyApplication Starting BoyApplication on WHITE with PID 24692 (D:\workspace\github\boy\target\classes started by harry in D:\workspace\github\boy)
2021-01-25 09:45:43.895 main INFO com.baidu.boy.BoyApplication No active profile set, falling back to default profiles: default
2021-01-25 09:45:44.687 main INFO org.apache.coyote.http11.Http11NioProtocol Initializing ProtocolHandler ["http-nio-9999"]
2021-01-25 09:45:44.687 main INFO org.apache.catalina.core.StandardService Starting service [Tomcat]
2021-01-25 09:45:44.687 main INFO org.apache.catalina.core.StandardEngine Starting Servlet engine: [Apache Tomcat/9.0.38]
2021-01-25 09:45:44.794 main INFO org.apache.catalina.core.ContainerBase.[Tomcat].[localhost].[/] Initializing Spring embedded WebApplicationContext
2021-01-25 09:45:45.028 main INFO org.apache.coyote.http11.Http11NioProtocol Starting ProtocolHandler ["http-nio-9999"]
2021-01-25 09:45:45.061 main INFO com.baidu.boy.BoyApplication Started BoyApplication in 1.625 seconds (JVM running for 3.195)
2021-01-25 09:45:56.021 http-nio-9999-exec-1 INFO org.apache.catalina.core.ContainerBase.[Tomcat].[localhost].[/] Initializing Spring DispatcherServlet 'dispatcherServlet'
2021-01-25 09:45:56.049 http-nio-9999-exec-1 INFO com.baidu.boy.controller.HttpClientController map -> {result=我收到了}
